BcastRecCompOrdBcast/app/build/intermediates/manifest_merge_blame_file/debug/manifest-merger-blame-debug-report.txt
1<?xml version="1.0" encoding="utf-8"?>
2<manifest xmlns:android="http://schemas.android.com/apk/res/android"
3    package="course.examples.broadcastreceiver.compoundorderedbroadcast" >
4
5    <uses-sdk
6        android:minSdkVersion="21"
6-->src\main\AndroidManifest.xml
7        android:targetSdkVersion="29" />
7-->src\main\AndroidManifest.xml
8
9    <uses-permission android:name="android.permission.VIBRATE" />
9-->src\main\AndroidManifest.xml:5:5-66
9-->src\main\AndroidManifest.xml:5:22-63
10
11    <application
11-->src\main\AndroidManifest.xml:8:5-37:19
12        android:allowBackup="false"
12-->src\main\AndroidManifest.xml:9:9-36
13        android:debuggable="true"
14        android:icon="@mipmap/ic_launcher"
14-->src\main\AndroidManifest.xml:10:9-43
15        android:label="@string/app_name"
15-->src\main\AndroidManifest.xml:11:9-41
16        android:testOnly="true"
17        android:theme="@style/MaterialTheme" >
17-->src\main\AndroidManifest.xml:12:9-45
18        <activity
18-->src\main\AndroidManifest.xml:13:9-21:20
19            android:name="course.examples.broadcastreceiver.compoundorderedbroadcast.CompoundOrderedBroadcast"
19-->src\main\AndroidManifest.xml:14:13-111
20            android:label="@string/app_name" >
20-->src\main\AndroidManifest.xml:15:13-45
21            <intent-filter>
21-->src\main\AndroidManifest.xml:16:13-20:29
22                <action android:name="android.intent.action.MAIN" />
22-->src\main\AndroidManifest.xml:17:17-69
22-->src\main\AndroidManifest.xml:17:25-66
23
24                <category android:name="android.intent.category.LAUNCHER" />
24-->src\main\AndroidManifest.xml:19:17-77
24-->src\main\AndroidManifest.xml:19:27-74
25            </intent-filter>
26        </activity>
27
28        <receiver
28-->src\main\AndroidManifest.xml:23:9-29:20
29            android:name="course.examples.broadcastreceiver.compoundorderedbroadcast.Receiver2"
29-->src\main\AndroidManifest.xml:24:13-38
30            android:exported="false" >
30-->src\main\AndroidManifest.xml:25:13-37
31            <intent-filter android:priority="20" >
31-->src\main\AndroidManifest.xml:26:13-28:29
31-->src\main\AndroidManifest.xml:26:28-49
32                <action android:name="course.examples.BroadcastReceiver.compoundorderedbroadcast.SHOW_TOAST" />
32-->src\main\AndroidManifest.xml:27:17-112
32-->src\main\AndroidManifest.xml:27:25-109
33            </intent-filter>
34        </receiver>
35        <receiver
35-->src\main\AndroidManifest.xml:30:9-36:20
36            android:name="course.examples.broadcastreceiver.compoundorderedbroadcast.Receiver3"
36-->src\main\AndroidManifest.xml:31:13-38
37            android:exported="false" >
37-->src\main\AndroidManifest.xml:32:13-37
38            <intent-filter android:priority="10" >
38-->src\main\AndroidManifest.xml:26:13-28:29
38-->src\main\AndroidManifest.xml:26:28-49
39                <action android:name="course.examples.BroadcastReceiver.compoundorderedbroadcast.SHOW_TOAST" />
39-->src\main\AndroidManifest.xml:27:17-112
39-->src\main\AndroidManifest.xml:27:25-109
40            </intent-filter>
41        </receiver>
42    </application>
43
44</manifest>